demos/app/build/intermediates/manifest_merge_blame_file/release/manifest-merger-blame-release-report.txt
1<?xml version="1.0" encoding="utf-8"?>
2<manifest xmlns:android="http://schemas.android.com/apk/res/android"
3    package="com.chengfu1"
4    android:versionCode="1"
5    android:versionName="1.0" >
6
7    <uses-sdk
8        android:minSdkVersion="17"
8-->src\main\AndroidManifest.xml
9        android:targetSdkVersion="28" />
9-->src\main\AndroidManifest.xml
10
11    <uses-permission android:name="android.permission.READ_EXTERNAL_STORAGE" />
11-->src\main\AndroidManifest.xml:6:5-80
11-->src\main\AndroidManifest.xml:6:22-77
12    <uses-permission android:name="android.permission.INTERNET" />
12-->[:library] AndroidManifest.xml:11:5-67
12-->[:library] AndroidManifest.xml:11:22-64
13    <uses-permission android:name="android.permission.FOREGROUND_SERVICE" />
13-->[:library] AndroidManifest.xml:12:5-77
13-->[:library] AndroidManifest.xml:12:22-74
14    <uses-permission android:name="android.permission.ACCESS_NETWORK_STATE" />
14-->[com.chengfu.android.fuplayer:fuplayer-core:1.2.2] AndroidManifest.xml:9:5-79
14-->[com.chengfu.android.fuplayer:fuplayer-core:1.2.2] AndroidManifest.xml:9:22-76
15
16    <application
16-->src\main\AndroidManifest.xml:8:5-40:19
17        android:allowBackup="true"
17-->src\main\AndroidManifest.xml:9:9-35
18        android:appComponentFactory="androidx.core.app.CoreComponentFactory"
18-->[androidx.core:core:1.1.0] AndroidManifest.xml:24:18-86
19        android:icon="@mipmap/ic_launcher"
19-->src\main\AndroidManifest.xml:10:9-43
20        android:label="@string/app_name"
20-->src\main\AndroidManifest.xml:11:9-41
21        android:networkSecurityConfig="@xml/security_config"
21-->src\main\AndroidManifest.xml:12:9-61
22        android:roundIcon="@mipmap/ic_launcher_round"
22-->src\main\AndroidManifest.xml:13:9-54
23        android:supportsRtl="true"
23-->src\main\AndroidManifest.xml:14:9-35
24        android:theme="@style/AppTheme" >
24-->src\main\AndroidManifest.xml:15:9-40
25        <activity android:name="com.chengfu1.MainActivity" >
25-->src\main\AndroidManifest.xml:18:9-24:20
25-->src\main\AndroidManifest.xml:18:19-47
26            <intent-filter>
26-->src\main\AndroidManifest.xml:19:13-23:29
27                <action android:name="android.intent.action.MAIN" />
27-->src\main\AndroidManifest.xml:20:17-69
27-->src\main\AndroidManifest.xml:20:25-66
28
29                <category android:name="android.intent.category.LAUNCHER" />
29-->src\main\AndroidManifest.xml:22:17-77
29-->src\main\AndroidManifest.xml:22:27-74
30            </intent-filter>
31        </activity>
32        <activity android:name="com.chengfu1.FuSessionActivity" >
32-->src\main\AndroidManifest.xml:26:9-31:20
32-->src\main\AndroidManifest.xml:26:19-64
33            <intent-filter>
33-->src\main\AndroidManifest.xml:27:13-30:29
34                <action android:name="chengfu.intent.action.ACTION_SESSION_ACTIVITY" />
34-->src\main\AndroidManifest.xml:28:17-88
34-->src\main\AndroidManifest.xml:28:25-85
35
36                <category android:name="android.intent.category.DEFAULT" />
36-->src\main\AndroidManifest.xml:29:17-76
36-->src\main\AndroidManifest.xml:29:27-73
37            </intent-filter>
38        </activity>
39        <activity android:name="com.chengfu1.TestActivity" >
39-->src\main\AndroidManifest.xml:33:9-38:20
39-->src\main\AndroidManifest.xml:33:19-47
40            <intent-filter>
40-->src\main\AndroidManifest.xml:27:13-30:29
41                <action android:name="chengfu.intent.action.ACTION_SESSION_ACTIVITY" />
41-->src\main\AndroidManifest.xml:28:17-88
41-->src\main\AndroidManifest.xml:28:25-85
42
43                <category android:name="android.intent.category.DEFAULT" />
43-->src\main\AndroidManifest.xml:29:17-76
43-->src\main\AndroidManifest.xml:29:27-73
44            </intent-filter>
45        </activity>
46
47        <service
47-->[:library] AndroidManifest.xml:15:9-22:19
48            android:name="com.chengfu.android.fuplayer.achieve.dj.audio.MusicService"
48-->[:library] AndroidManifest.xml:16:13-86
49            android:permission="com.chengfu.android.fuplayer.achieve.dj.audio.MusicService"
49-->[:library] AndroidManifest.xml:17:13-92
50            android:process=":music" >
50-->[:library] AndroidManifest.xml:18:13-37
51            <intent-filter>
51-->[:library] AndroidManifest.xml:19:13-21:29
52                <action android:name="android.media.browse.MediaBrowserService" />
52-->[:library] AndroidManifest.xml:20:17-83
52-->[:library] AndroidManifest.xml:20:25-80
53            </intent-filter>
54        </service>
55
56        <receiver android:name="androidx.media.session.MediaButtonReceiver" >
56-->[:library] AndroidManifest.xml:24:9-28:20
56-->[:library] AndroidManifest.xml:24:19-76
57            <intent-filter>
57-->[:library] AndroidManifest.xml:25:13-27:29
58                <action android:name="android.intent.action.MEDIA_BUTTON" />
58-->[:library] AndroidManifest.xml:26:17-77
58-->[:library] AndroidManifest.xml:26:25-74
59            </intent-filter>
60        </receiver>
61
62        <provider
62-->[com.squareup.picasso:picasso:2.71828] AndroidManifest.xml:8:9-11:40
63            android:name="com.squareup.picasso.PicassoProvider"
63-->[com.squareup.picasso:picasso:2.71828] AndroidManifest.xml:9:13-64
64            android:authorities="com.chengfu1.com.squareup.picasso"
64-->[com.squareup.picasso:picasso:2.71828] AndroidManifest.xml:10:13-72
65            android:exported="false" />
65-->[com.squareup.picasso:picasso:2.71828] AndroidManifest.xml:11:13-37
66        <provider
66-->[androidx.lifecycle:lifecycle-process:2.1.0] AndroidManifest.xml:23:9-27:43
67            android:name="androidx.lifecycle.ProcessLifecycleOwnerInitializer"
67-->[androidx.lifecycle:lifecycle-process:2.1.0] AndroidManifest.xml:24:13-79
68            android:authorities="com.chengfu1.lifecycle-process"
68-->[androidx.lifecycle:lifecycle-process:2.1.0] AndroidManifest.xml:25:13-69
69            android:exported="false"
69-->[androidx.lifecycle:lifecycle-process:2.1.0] AndroidManifest.xml:26:13-37
70            android:multiprocess="true" />
70-->[androidx.lifecycle:lifecycle-process:2.1.0] AndroidManifest.xml:27:13-40
71    </application>
72
73</manifest>